<?xml version="1.0" encoding="UTF-8"?>
<testsuite xmlns:xsi="http://www.w3.org/2001/XMLSchema-instance" xsi:noNamespaceSchemaLocation="https://maven.apache.org/surefire/maven-surefire-plugin/xsd/surefire-test-report.xsd" name="package_tree.message.MessageHandlerTest" time="0.17" tests="8" errors="0" skipped="0" failures="0">
  <properties>
[...]
</properties>
  <testcase name="returnOkForValidMessage{String}[1]" classname="package_tree.message.MessageHandlerTest" time="0.05"/>
  <testcase name="returnErrorForInvalidMessage{String}[1]" classname="package_tree.message.MessageHandlerTest" time="0.001"/>
  <testcase name="returnErrorForInvalidMessage{String}[2]" classname="package_tree.message.MessageHandlerTest" time="0.004"/>
  <testcase name="returnErrorForInvalidMessage{String}[3]" classname="package_tree.message.MessageHandlerTest" time="0.001"/>
  <testcase name="returnErrorForInvalidMessage{String}[4]" classname="package_tree.message.MessageHandlerTest" time="0.001"/>
  <testcase name="returnErrorForInvalidMessage{String}[5]" classname="package_tree.message.MessageHandlerTest" time="0.001"/>
  <testcase name="returnErrorForInvalidMessage{String}[6]" classname="package_tree.message.MessageHandlerTest" time="0.001"/>
  <testcase name="returnErrorForInvalidMessage{String}[7]" classname="package_tree.message.MessageHandlerTest" time="0"/>
</testsuite>