<?xml version="1.0" encoding="UTF-8"?>
<testsuite xmlns:xsi="http://www.w3.org/2001/XMLSchema-instance" xsi:noNamespaceSchemaLocation="https://maven.apache.org/surefire/maven-surefire-plugin/xsd/surefire-test-report.xsd" name="package_tree.message.MessageParserTest" time="0.014" tests="4" errors="0" skipped="0" failures="0">
  <properties>
[...]
</properties>
  <testcase name="returnIndexCommandForIndexMessage" classname="package_tree.message.MessageParserTest" time="0.001"/>
  <testcase name="parseDependenciesIntoList" classname="package_tree.message.MessageParserTest" time="0"/>
  <testcase name="returnRemoveCommandForRemoveMessage" classname="package_tree.message.MessageParserTest" time="0"/>
  <testcase name="returnQueryCommandForQueryMessage" classname="package_tree.message.MessageParserTest" time="0.001"/>
</testsuite>